Mplus VERSION 8 (Mac)
MUTHEN & MUTHEN
04/01/2025   9:39 AM

INPUT INSTRUCTIONS

  TITLE: mixture IRT
  DATA:	 FILE IS ./Mplus/mix_sim.dat;
  VARIABLE:	 NAMES ARE y1-y28;

  CATEGORICAL ARE y1-y28;
  MISSING ARE ALL(-999);

  CLASSES = c(2);
  ANALYSIS:	 	TYPE = MIXTURE;
      	 		STARTS = 0;
  ALGORITHM=INTEGRATION ;
  INTEGRATION=10;
    MODEL:
    %OVERALL%
  f1 by y1, y3, y7, y10-y14,y16, y20, y21, y25, y27*;
  f2 by y1, y2, y8, y17, y23, y24*;
  f3 by y3-y7, y9, y11, y12, y15-y22, y26, y28*;

  f1@1;
  f2@1;
  f3@1;

  f1 with f2;
  f2 with f3;
  f1 with f3;

  %c#1%
  [y1$1-y28$1];
  [f1-f3@0];
  f1-f3@1;

  %c#2%
  [y1$1-y28$1];
  [f1-f3@0];
  f1-f3@1;

  SAVEDATA: FILE IS ./Mplus/FS.sav;
  SAVE IS fscores, cprobabilities;
  FORMAT IS free;



INPUT READING TERMINATED NORMALLY



mixture IRT

SUMMARY OF ANALYSIS

Number of groups                                                 1
Number of observations                                       10000

Number of dependent variables                                   28
Number of independent variables                                  0
Number of continuous latent variables                            3
Number of categorical latent variables                           1

Observed dependent variables

  Binary and ordered categorical (ordinal)
   Y1          Y2          Y3          Y4          Y5          Y6
   Y7          Y8          Y9          Y10         Y11         Y12
   Y13         Y14         Y15         Y16         Y17         Y18
   Y19         Y20         Y21         Y22         Y23         Y24
   Y25         Y26         Y27         Y28

Continuous latent variables
   F1          F2          F3

Categorical latent variables
   C


Estimator                                                      MLR
Information matrix                                        OBSERVED
Optimization Specifications for the Quasi-Newton Algorithm for
Continuous Outcomes
  Maximum number of iterations                                 100
  Convergence criterion                                  0.100D-05
Optimization Specifications for the EM Algorithm
  Maximum number of iterations                                 500
  Convergence criteria
    Loglikelihood change                                 0.100D-02
    Relative loglikelihood change                        0.100D-05
    Derivative                                           0.100D-02
Optimization Specifications for the M step of the EM Algorithm for
Categorical Latent variables
  Number of M step iterations                                    1
  M step convergence criterion                           0.100D-02
  Basis for M step termination                           ITERATION
Optimization Specifications for the M step of the EM Algorithm for
Censored, Binary or Ordered Categorical (Ordinal), Unordered
Categorical (Nominal) and Count Outcomes
  Number of M step iterations                                    1
  M step convergence criterion                           0.100D-02
  Basis for M step termination                           ITERATION
  Maximum value for logit thresholds                            15
  Minimum value for logit thresholds                           -15
  Minimum expected cell size for chi-square              0.100D-01
Maximum number of iterations for H1                           2000
Convergence criterion for H1                             0.100D-03
Optimization algorithm                                         EMA
Integration Specifications
  Type                                                    STANDARD
  Number of integration points                                  10
  Dimensions of numerical integration                            3
  Adaptive quadrature                                           ON
Link                                                         LOGIT
Cholesky                                                        ON

Input data file(s)
  ./Mplus/mix_sim.dat
Input data format  FREE


SUMMARY OF DATA

     Number of missing data patterns             1
     Number of y missing data patterns           0
     Number of u missing data patterns           1


COVARIANCE COVERAGE OF DATA

Minimum covariance coverage value   0.100


UNIVARIATE PROPORTIONS AND COUNTS FOR CATEGORICAL VARIABLES

    Y1
      Category 1    0.364         3643.000
      Category 2    0.636         6357.000
    Y2
      Category 1    0.582         5815.000
      Category 2    0.418         4185.000
    Y3
      Category 1    0.601         6010.000
      Category 2    0.399         3990.000
    Y4
      Category 1    0.154         1542.000
      Category 2    0.846         8458.000
    Y5
      Category 1    0.257         2565.000
      Category 2    0.744         7435.000
    Y6
      Category 1    0.494         4945.000
      Category 2    0.505         5055.000
    Y7
      Category 1    0.577         5767.000
      Category 2    0.423         4233.000
    Y8
      Category 1    0.556         5556.000
      Category 2    0.444         4444.000
    Y9
      Category 1    0.733         7332.000
      Category 2    0.267         2668.000
    Y10
      Category 1    0.299         2991.000
      Category 2    0.701         7009.000
    Y11
      Category 1    0.695         6949.000
      Category 2    0.305         3051.000
    Y12
      Category 1    0.700         7003.000
      Category 2    0.300         2997.000
    Y13
      Category 1    0.296         2961.000
      Category 2    0.704         7039.000
    Y14
      Category 1    0.645         6453.000
      Category 2    0.355         3547.000
    Y15
      Category 1    0.175         1753.000
      Category 2    0.825         8247.000
    Y16
      Category 1    0.767         7673.000
      Category 2    0.233         2327.000
    Y17
      Category 1    0.403         4031.000
      Category 2    0.597         5969.000
    Y18
      Category 1    0.417         4173.000
      Category 2    0.583         5827.000
    Y19
      Category 1    0.567         5668.000
      Category 2    0.433         4332.000
    Y20
      Category 1    0.655         6550.000
      Category 2    0.345         3450.000
    Y21
      Category 1    0.742         7419.000
      Category 2    0.258         2581.000
    Y22
      Category 1    0.906         9056.000
      Category 2    0.094          944.000
    Y23
      Category 1    0.718         7175.000
      Category 2    0.282         2825.000
    Y24
      Category 1    0.757         7569.000
      Category 2    0.243         2431.000
    Y25
      Category 1    0.296         2961.000
      Category 2    0.704         7039.000
    Y26
      Category 1    0.325         3251.000
      Category 2    0.675         6749.000
    Y27
      Category 1    0.349         3487.000
      Category 2    0.651         6513.000
    Y28
      Category 1    0.812         8124.000
      Category 2    0.188         1876.000



THE MODEL ESTIMATION TERMINATED NORMALLY

     THE CHI-SQUARE TEST CANNOT BE COMPUTED BECAUSE THE FREQUENCY TABLE FOR THE
     LATENT CLASS INDICATOR MODEL PART IS TOO LARGE.




MODEL FIT INFORMATION

Number of Free Parameters                       94

Loglikelihood

          H0 Value                     -149421.149
          H0 Scaling Correction Factor      1.0016
            for MLR

Information Criteria

          Akaike (AIC)                  299030.298
          Bayesian (BIC)                299708.070
          Sample-Size Adjusted BIC      299409.352
            (n* = (n + 2) / 24)



FINAL CLASS COUNTS AND PROPORTIONS FOR THE LATENT CLASSES
BASED ON THE ESTIMATED MODEL

    Latent
   Classes

       1       5050.23047          0.50502
       2       4949.76953          0.49498


FINAL CLASS COUNTS AND PROPORTIONS FOR THE LATENT CLASSES
BASED ON ESTIMATED POSTERIOR PROBABILITIES

    Latent
   Classes

       1       5050.23553          0.50502
       2       4949.76447          0.49498


FINAL CLASS COUNTS AND PROPORTIONS FOR THE LATENT CLASSES
BASED ON THEIR MOST LIKELY LATENT CLASS MEMBERSHIP

Class Counts and Proportions

    Latent
   Classes

       1             5033          0.50330
       2             4967          0.49670


CLASSIFICATION QUALITY

     Entropy                         0.709


Average Latent Class Probabilities for Most Likely Latent Class Membership (Row)
by Latent Class (Column)

           1        2

    1   0.919    0.081
    2   0.085    0.915


Classification Probabilities for the Most Likely Latent Class Membership (Column)
by Latent Class (Row)

           1        2

    1   0.916    0.084
    2   0.082    0.918


Logits for the Classification Probabilities for the Most Likely Latent Class Membership (Column)
by Latent Class (Row)

              1        2

    1      2.392    0.000
    2     -2.415    0.000


MODEL RESULTS

                                                    Two-Tailed
                    Estimate       S.E.  Est./S.E.    P-Value

Latent Class 1

 F1       BY
    Y1                 1.000      0.000    999.000    999.000
    Y3                 1.055      0.042     24.819      0.000
    Y7                 0.838      0.046     18.231      0.000
    Y10                0.561      0.029     19.093      0.000
    Y11                0.621      0.038     16.172      0.000
    Y12                1.423      0.052     27.273      0.000
    Y13                1.879      0.062     30.142      0.000
    Y14                1.859      0.064     28.869      0.000
    Y16                1.183      0.054     21.809      0.000
    Y20                1.324      0.047     27.890      0.000
    Y21                0.688      0.042     16.439      0.000
    Y25                1.608      0.052     30.863      0.000
    Y27                1.175      0.039     29.860      0.000

 F2       BY
    Y1                 1.000      0.000    999.000    999.000
    Y2                 1.322      0.058     22.756      0.000
    Y8                 0.618      0.032     19.533      0.000
    Y17                1.308      0.061     21.570      0.000
    Y23                1.579      0.065     24.386      0.000
    Y24                1.274      0.053     24.192      0.000

 F3       BY
    Y3                 1.000      0.000    999.000    999.000
    Y4                 1.017      0.043     23.760      0.000
    Y5                 1.558      0.052     29.818      0.000
    Y6                 0.608      0.029     20.779      0.000
    Y7                 1.287      0.051     25.261      0.000
    Y9                 1.295      0.044     29.448      0.000
    Y11                1.275      0.047     27.421      0.000
    Y12                0.534      0.040     13.224      0.000
    Y15                0.616      0.039     15.886      0.000
    Y16                1.622      0.064     25.224      0.000
    Y17                0.719      0.042     17.084      0.000
    Y18                1.208      0.056     21.554      0.000
    Y19                0.843      0.031     27.032      0.000
    Y20                0.589      0.037     16.018      0.000
    Y21                1.412      0.053     26.737      0.000
    Y22                0.697      0.044     15.852      0.000
    Y26                1.354      0.046     29.307      0.000
    Y28                1.168      0.043     27.050      0.000

 F1       WITH
    F2                 0.311      0.015     20.276      0.000
    F3                 0.309      0.015     19.991      0.000

 F2       WITH
    F3                 0.273      0.016     17.481      0.000

 Means
    F1                 0.000      0.000    999.000    999.000
    F2                 0.000      0.000    999.000    999.000
    F3                 0.000      0.000    999.000    999.000

 Thresholds
    Y1$1              -0.007      0.046     -0.150      0.881
    Y2$1              -0.468      0.045    -10.491      0.000
    Y3$1               0.818      0.048     16.914      0.000
    Y4$1              -1.760      0.050    -35.454      0.000
    Y5$1              -1.211      0.051    -23.625      0.000
    Y6$1               0.604      0.035     17.073      0.000
    Y7$1               1.863      0.065     28.605      0.000
    Y8$1               0.629      0.035     17.954      0.000
    Y9$1               0.964      0.044     21.811      0.000
    Y10$1             -0.638      0.034    -18.755      0.000
    Y11$1              1.133      0.050     22.706      0.000
    Y12$1              0.604      0.047     12.717      0.000
    Y13$1             -1.778      0.064    -27.759      0.000
    Y14$1             -0.043      0.049     -0.862      0.388
    Y15$1             -0.945      0.037    -25.620      0.000
    Y16$1              1.697      0.067     25.391      0.000
    Y17$1              0.460      0.049      9.413      0.000
    Y18$1             -2.210      0.073    -30.260      0.000
    Y19$1              0.657      0.037     17.619      0.000
    Y20$1              0.720      0.047     15.297      0.000
    Y21$1              2.005      0.062     32.076      0.000
    Y22$1              2.530      0.060     42.214      0.000
    Y23$1              1.295      0.054     24.185      0.000
    Y24$1              2.093      0.061     34.246      0.000
    Y25$1             -1.007      0.049    -20.678      0.000
    Y26$1             -0.209      0.042     -4.922      0.000
    Y27$1             -0.516      0.040    -12.935      0.000
    Y28$1              1.941      0.053     36.633      0.000

 Variances
    F1                 1.000      0.000    999.000    999.000
    F2                 1.000      0.000    999.000    999.000
    F3                 1.000      0.000    999.000    999.000

Latent Class 2

 F1       BY
    Y1                 1.000      0.000    999.000    999.000
    Y3                 1.055      0.042     24.819      0.000
    Y7                 0.838      0.046     18.231      0.000
    Y10                0.561      0.029     19.093      0.000
    Y11                0.621      0.038     16.172      0.000
    Y12                1.423      0.052     27.273      0.000
    Y13                1.879      0.062     30.142      0.000
    Y14                1.859      0.064     28.869      0.000
    Y16                1.183      0.054     21.809      0.000
    Y20                1.324      0.047     27.890      0.000
    Y21                0.688      0.042     16.439      0.000
    Y25                1.608      0.052     30.863      0.000
    Y27                1.175      0.039     29.860      0.000

 F2       BY
    Y1                 1.000      0.000    999.000    999.000
    Y2                 1.322      0.058     22.756      0.000
    Y8                 0.618      0.032     19.533      0.000
    Y17                1.308      0.061     21.570      0.000
    Y23                1.579      0.065     24.386      0.000
    Y24                1.274      0.053     24.192      0.000

 F3       BY
    Y3                 1.000      0.000    999.000    999.000
    Y4                 1.017      0.043     23.760      0.000
    Y5                 1.558      0.052     29.818      0.000
    Y6                 0.608      0.029     20.779      0.000
    Y7                 1.287      0.051     25.261      0.000
    Y9                 1.295      0.044     29.448      0.000
    Y11                1.275      0.047     27.421      0.000
    Y12                0.534      0.040     13.224      0.000
    Y15                0.616      0.039     15.886      0.000
    Y16                1.622      0.064     25.224      0.000
    Y17                0.719      0.042     17.084      0.000
    Y18                1.208      0.056     21.554      0.000
    Y19                0.843      0.031     27.032      0.000
    Y20                0.589      0.037     16.018      0.000
    Y21                1.412      0.053     26.737      0.000
    Y22                0.697      0.044     15.852      0.000
    Y26                1.354      0.046     29.307      0.000
    Y28                1.168      0.043     27.050      0.000

 F1       WITH
    F2                 0.311      0.015     20.276      0.000
    F3                 0.309      0.015     19.991      0.000

 F2       WITH
    F3                 0.273      0.016     17.481      0.000

 Means
    F1                 0.000      0.000    999.000    999.000
    F2                 0.000      0.000    999.000    999.000
    F3                 0.000      0.000    999.000    999.000

 Thresholds
    Y1$1              -1.775      0.055    -32.564      0.000
    Y2$1               1.474      0.057     25.872      0.000
    Y3$1               0.392      0.047      8.281      0.000
    Y4$1              -2.327      0.059    -39.384      0.000
    Y5$1              -1.840      0.058    -31.469      0.000
    Y6$1              -0.669      0.036    -18.589      0.000
    Y7$1              -0.800      0.052    -15.263      0.000
    Y8$1              -0.135      0.034     -3.992      0.000
    Y9$1               1.740      0.055     31.572      0.000
    Y10$1             -1.221      0.039    -31.101      0.000
    Y11$1              1.233      0.052     23.728      0.000
    Y12$1              2.033      0.064     31.853      0.000
    Y13$1             -0.977      0.054    -18.112      0.000
    Y14$1              2.137      0.073     29.230      0.000
    Y15$1             -3.038      0.081    -37.386      0.000
    Y16$1              2.544      0.085     30.102      0.000
    Y17$1             -1.794      0.064    -27.991      0.000
    Y18$1              1.051      0.054     19.607      0.000
    Y19$1             -0.031      0.036     -0.850      0.396
    Y20$1              1.153      0.051     22.493      0.000
    Y21$1              1.207      0.054     22.348      0.000
    Y22$1              2.370      0.059     40.414      0.000
    Y23$1              1.400      0.057     24.549      0.000
    Y24$1              0.973      0.046     21.337      0.000
    Y25$1             -1.528      0.056    -27.160      0.000
    Y26$1             -1.941      0.058    -33.405      0.000
    Y27$1             -1.099      0.045    -24.607      0.000
    Y28$1              1.714      0.052     32.939      0.000

 Variances
    F1                 1.000      0.000    999.000    999.000
    F2                 1.000      0.000    999.000    999.000
    F3                 1.000      0.000    999.000    999.000

Categorical Latent Variables

 Means
    C#1                0.020      0.028      0.722      0.470


QUALITY OF NUMERICAL RESULTS

     Condition Number for the Information Matrix              0.199E-03
       (ratio of smallest to largest eigenvalue)


SAMPLE STATISTICS FOR ESTIMATED FACTOR SCORES


     SAMPLE STATISTICS


           Means
              F1            F2            F3            C_F1          C_F2
              ________      ________      ________      ________      ________
                0.000         0.000         0.000         0.000         0.000


           Means
              C_F3
              ________
                0.000


           Covariances
              F1            F2            F3            C_F1          C_F2
              ________      ________      ________      ________      ________
 F1             0.730
 F2             0.302         0.609
 F3             0.347         0.266         0.733
 C_F1           0.730         0.302         0.347         0.731
 C_F2           0.302         0.610         0.267         0.302         0.613
 C_F3           0.347         0.267         0.734         0.347         0.269


           Covariances
              C_F3
              ________
 C_F3           0.737


           Correlations
              F1            F2            F3            C_F1          C_F2
              ________      ________      ________      ________      ________
 F1             1.000
 F2             0.453         1.000
 F3             0.474         0.398         1.000
 C_F1           1.000         0.452         0.474         1.000
 C_F2           0.451         0.999         0.398         0.451         1.000
 C_F3           0.473         0.398         0.999         0.473         0.401


           Correlations
              C_F3
              ________
 C_F3           1.000


SAVEDATA INFORMATION


  Save file
    ./Mplus/FS.sav

  Order of variables

    Y1
    Y2
    Y3
    Y4
    Y5
    Y6
    Y7
    Y8
    Y9
    Y10
    Y11
    Y12
    Y13
    Y14
    Y15
    Y16
    Y17
    Y18
    Y19
    Y20
    Y21
    Y22
    Y23
    Y24
    Y25
    Y26
    Y27
    Y28
    F1
    F2
    F3
    C_F1
    C_F2
    C_F3
    CPROB1
    CPROB2
    C

  Save file format           Free

  Save file record length    10000


     Beginning Time:  09:39:49
        Ending Time:  09:48:39
       Elapsed Time:  00:08:50



MUTHEN & MUTHEN
3463 Stoner Ave.
Los Angeles, CA  90066

Tel: (310) 391-9971
Fax: (310) 391-8971
Web: www.StatModel.com
Support: Support@StatModel.com

Copyright (c) 1998-2017 Muthen & Muthen
