Mplus VERSION 8 (Mac)
MUTHEN & MUTHEN
10/12/2025   4:24 PM

INPUT INSTRUCTIONS

  TITLE: mixture IRT
  DATA:	 FILE IS ./Mplus/mix_sim.dat;
  VARIABLE:	 NAMES ARE y1-y28;

  CATEGORICAL ARE y1-y28;
  MISSING ARE ALL(-999);

  CLASSES = c(2);
  ANALYSIS:	 	TYPE = MIXTURE;
      	 		STARTS = 0;
  ALGORITHM=INTEGRATION ;
  INTEGRATION=10;
    MODEL:
    %OVERALL%
  f1 by y1, y3, y7, y10-y14,y16, y20, y21, y25, y27*;
  f2 by y1, y2, y8, y17, y23, y24*;
  f3 by y3-y7, y9, y11, y12, y15-y22, y26, y28*;

  f1@1;
  f2@1;
  f3@1;

  f1 with f2;
  f2 with f3;
  f1 with f3;

  %c#1%
  [y1$1-y28$1];
  [f1-f3@0];
  f1-f3@1;

  %c#2%
  [y1$1-y28$1];
  [f1-f3@0];
  f1-f3@1;

  SAVEDATA: FILE IS ./Mplus/FS.sav;
  SAVE IS fscores, cprobabilities;
  FORMAT IS free;



INPUT READING TERMINATED NORMALLY



mixture IRT

SUMMARY OF ANALYSIS

Number of groups                                                 1
Number of observations                                       10000

Number of dependent variables                                   28
Number of independent variables                                  0
Number of continuous latent variables                            3
Number of categorical latent variables                           1

Observed dependent variables

  Binary and ordered categorical (ordinal)
   Y1          Y2          Y3          Y4          Y5          Y6
   Y7          Y8          Y9          Y10         Y11         Y12
   Y13         Y14         Y15         Y16         Y17         Y18
   Y19         Y20         Y21         Y22         Y23         Y24
   Y25         Y26         Y27         Y28

Continuous latent variables
   F1          F2          F3

Categorical latent variables
   C


Estimator                                                      MLR
Information matrix                                        OBSERVED
Optimization Specifications for the Quasi-Newton Algorithm for
Continuous Outcomes
  Maximum number of iterations                                 100
  Convergence criterion                                  0.100D-05
Optimization Specifications for the EM Algorithm
  Maximum number of iterations                                 500
  Convergence criteria
    Loglikelihood change                                 0.100D-02
    Relative loglikelihood change                        0.100D-05
    Derivative                                           0.100D-02
Optimization Specifications for the M step of the EM Algorithm for
Categorical Latent variables
  Number of M step iterations                                    1
  M step convergence criterion                           0.100D-02
  Basis for M step termination                           ITERATION
Optimization Specifications for the M step of the EM Algorithm for
Censored, Binary or Ordered Categorical (Ordinal), Unordered
Categorical (Nominal) and Count Outcomes
  Number of M step iterations                                    1
  M step convergence criterion                           0.100D-02
  Basis for M step termination                           ITERATION
  Maximum value for logit thresholds                            15
  Minimum value for logit thresholds                           -15
  Minimum expected cell size for chi-square              0.100D-01
Maximum number of iterations for H1                           2000
Convergence criterion for H1                             0.100D-03
Optimization algorithm                                         EMA
Integration Specifications
  Type                                                    STANDARD
  Number of integration points                                  10
  Dimensions of numerical integration                            3
  Adaptive quadrature                                           ON
Link                                                         LOGIT
Cholesky                                                        ON

Input data file(s)
  ./Mplus/mix_sim.dat
Input data format  FREE


SUMMARY OF DATA

     Number of missing data patterns             1
     Number of y missing data patterns           0
     Number of u missing data patterns           1


COVARIANCE COVERAGE OF DATA

Minimum covariance coverage value   0.100


UNIVARIATE PROPORTIONS AND COUNTS FOR CATEGORICAL VARIABLES

    Y1
      Category 1    0.486         4858.000
      Category 2    0.514         5142.000
    Y2
      Category 1    0.541         5406.000
      Category 2    0.459         4594.000
    Y3
      Category 1    0.378         3784.000
      Category 2    0.622         6216.000
    Y4
      Category 1    0.465         4649.000
      Category 2    0.535         5351.000
    Y5
      Category 1    0.500         4996.000
      Category 2    0.500         5004.000
    Y6
      Category 1    0.327         3267.000
      Category 2    0.673         6733.000
    Y7
      Category 1    0.316         3164.000
      Category 2    0.684         6836.000
    Y8
      Category 1    0.299         2989.000
      Category 2    0.701         7011.000
    Y9
      Category 1    0.140         1400.000
      Category 2    0.860         8600.000
    Y10
      Category 1    0.799         7995.000
      Category 2    0.201         2005.000
    Y11
      Category 1    0.795         7955.000
      Category 2    0.204         2045.000
    Y12
      Category 1    0.478         4780.000
      Category 2    0.522         5220.000
    Y13
      Category 1    0.392         3924.000
      Category 2    0.608         6076.000
    Y14
      Category 1    0.579         5791.000
      Category 2    0.421         4209.000
    Y15
      Category 1    0.850         8495.000
      Category 2    0.150         1505.000
    Y16
      Category 1    0.385         3847.000
      Category 2    0.615         6153.000
    Y17
      Category 1    0.675         6747.000
      Category 2    0.325         3253.000
    Y18
      Category 1    0.628         6279.000
      Category 2    0.372         3721.000
    Y19
      Category 1    0.439         4392.000
      Category 2    0.561         5608.000
    Y20
      Category 1    0.573         5731.000
      Category 2    0.427         4269.000
    Y21
      Category 1    0.752         7520.000
      Category 2    0.248         2480.000
    Y22
      Category 1    0.449         4489.000
      Category 2    0.551         5511.000
    Y23
      Category 1    0.771         7712.000
      Category 2    0.229         2288.000
    Y24
      Category 1    0.410         4101.000
      Category 2    0.590         5899.000
    Y25
      Category 1    0.703         7027.000
      Category 2    0.297         2973.000
    Y26
      Category 1    0.920         9201.000
      Category 2    0.080          799.000
    Y27
      Category 1    0.661         6611.000
      Category 2    0.339         3389.000
    Y28
      Category 1    0.194         1944.000
      Category 2    0.806         8056.000



THE MODEL ESTIMATION TERMINATED NORMALLY

     THE CHI-SQUARE TEST CANNOT BE COMPUTED BECAUSE THE FREQUENCY TABLE FOR THE
     LATENT CLASS INDICATOR MODEL PART IS TOO LARGE.




MODEL FIT INFORMATION

Number of Free Parameters                       94

Loglikelihood

          H0 Value                     -147431.919
          H0 Scaling Correction Factor      1.0020
            for MLR

Information Criteria

          Akaike (AIC)                  295051.838
          Bayesian (BIC)                295729.610
          Sample-Size Adjusted BIC      295430.891
            (n* = (n + 2) / 24)



FINAL CLASS COUNTS AND PROPORTIONS FOR THE LATENT CLASSES
BASED ON THE ESTIMATED MODEL

    Latent
   Classes

       1       5054.53133          0.50545
       2       4945.46867          0.49455


FINAL CLASS COUNTS AND PROPORTIONS FOR THE LATENT CLASSES
BASED ON ESTIMATED POSTERIOR PROBABILITIES

    Latent
   Classes

       1       5054.46977          0.50545
       2       4945.53023          0.49455


FINAL CLASS COUNTS AND PROPORTIONS FOR THE LATENT CLASSES
BASED ON THEIR MOST LIKELY LATENT CLASS MEMBERSHIP

Class Counts and Proportions

    Latent
   Classes

       1             5070          0.50700
       2             4930          0.49300


CLASSIFICATION QUALITY

     Entropy                         0.820


Average Latent Class Probabilities for Most Likely Latent Class Membership (Row)
by Latent Class (Column)

           1        2

    1   0.951    0.049
    2   0.048    0.952


Classification Probabilities for the Most Likely Latent Class Membership (Column)
by Latent Class (Row)

           1        2

    1   0.954    0.046
    2   0.051    0.949


Logits for the Classification Probabilities for the Most Likely Latent Class Membership (Column)
by Latent Class (Row)

              1        2

    1      3.021    0.000
    2     -2.931    0.000


MODEL RESULTS

                                                    Two-Tailed
                    Estimate       S.E.  Est./S.E.    P-Value

Latent Class 1

 F1       BY
    Y1                 1.000      0.000    999.000    999.000
    Y3                 1.621      0.066     24.538      0.000
    Y7                 1.228      0.058     21.175      0.000
    Y10                0.670      0.034     19.512      0.000
    Y11                1.606      0.071     22.644      0.000
    Y12                1.214      0.052     23.544      0.000
    Y13                0.539      0.039     13.719      0.000
    Y14                0.545      0.030     18.264      0.000
    Y16                1.013      0.044     22.963      0.000
    Y20                1.297      0.054     24.155      0.000
    Y21                1.756      0.072     24.537      0.000
    Y25                0.559      0.030     18.767      0.000
    Y27                1.775      0.068     26.097      0.000

 F2       BY
    Y1                 1.000      0.000    999.000    999.000
    Y2                 2.014      0.081     24.875      0.000
    Y8                 0.897      0.037     23.943      0.000
    Y17                1.178      0.053     22.089      0.000
    Y23                1.834      0.073     25.205      0.000
    Y24                1.386      0.051     27.277      0.000

 F3       BY
    Y3                 1.000      0.000    999.000    999.000
    Y4                 1.831      0.054     34.111      0.000
    Y5                 0.537      0.029     18.369      0.000
    Y6                 1.646      0.050     33.206      0.000
    Y7                 0.883      0.048     18.287      0.000
    Y9                 1.693      0.068     24.969      0.000
    Y11                1.367      0.065     21.078      0.000
    Y12                0.578      0.041     14.161      0.000
    Y15                0.904      0.043     21.161      0.000
    Y16                0.622      0.038     16.290      0.000
    Y17                1.237      0.048     25.759      0.000
    Y18                1.149      0.042     27.410      0.000
    Y19                1.130      0.038     29.660      0.000
    Y20                1.414      0.053     26.538      0.000
    Y21                0.832      0.053     15.769      0.000
    Y22                0.853      0.031     27.221      0.000
    Y26                1.206      0.058     20.959      0.000
    Y28                1.208      0.042     28.574      0.000

 F1       WITH
    F2                 0.293      0.016     18.510      0.000
    F3                 0.394      0.019     20.976      0.000

 F2       WITH
    F3                 0.280      0.015     19.273      0.000

 Means
    F1                 0.000      0.000    999.000    999.000
    F2                 0.000      0.000    999.000    999.000
    F3                 0.000      0.000    999.000    999.000

 Thresholds
    Y1$1               0.929      0.046     20.403      0.000
    Y2$1              -0.566      0.051    -11.016      0.000
    Y3$1              -1.634      0.064    -25.557      0.000
    Y4$1              -0.065      0.047     -1.385      0.166
    Y5$1              -0.986      0.036    -27.366      0.000
    Y6$1              -1.173      0.050    -23.618      0.000
    Y7$1              -0.110      0.046     -2.389      0.017
    Y8$1              -0.974      0.038    -25.491      0.000
    Y9$1              -4.397      0.130    -33.932      0.000
    Y10$1              1.578      0.042     37.902      0.000
    Y11$1              3.500      0.103     34.017      0.000
    Y12$1             -0.904      0.047    -19.422      0.000
    Y13$1             -2.419      0.062    -39.104      0.000
    Y14$1             -0.224      0.032     -7.055      0.000
    Y15$1              1.330      0.042     31.607      0.000
    Y16$1             -0.566      0.042    -13.552      0.000
    Y17$1              2.007      0.066     30.566      0.000
    Y18$1             -0.472      0.039    -11.993      0.000
    Y19$1              0.518      0.039     13.251      0.000
    Y20$1              0.404      0.054      7.470      0.000
    Y21$1              2.187      0.072     30.413      0.000
    Y22$1              0.370      0.035     10.515      0.000
    Y23$1              2.018      0.068     29.678      0.000
    Y24$1             -1.194      0.047    -25.505      0.000
    Y25$1              1.085      0.036     30.282      0.000
    Y26$1              3.738      0.100     37.361      0.000
    Y27$1              2.572      0.077     33.229      0.000
    Y28$1             -2.033      0.054    -37.993      0.000

 Variances
    F1                 1.000      0.000    999.000    999.000
    F2                 1.000      0.000    999.000    999.000
    F3                 1.000      0.000    999.000    999.000

Latent Class 2

 F1       BY
    Y1                 1.000      0.000    999.000    999.000
    Y3                 1.621      0.066     24.538      0.000
    Y7                 1.228      0.058     21.175      0.000
    Y10                0.670      0.034     19.512      0.000
    Y11                1.606      0.071     22.644      0.000
    Y12                1.214      0.052     23.544      0.000
    Y13                0.539      0.039     13.719      0.000
    Y14                0.545      0.030     18.264      0.000
    Y16                1.013      0.044     22.963      0.000
    Y20                1.297      0.054     24.155      0.000
    Y21                1.756      0.072     24.537      0.000
    Y25                0.559      0.030     18.767      0.000
    Y27                1.775      0.068     26.097      0.000

 F2       BY
    Y1                 1.000      0.000    999.000    999.000
    Y2                 2.014      0.081     24.875      0.000
    Y8                 0.897      0.037     23.943      0.000
    Y17                1.178      0.053     22.089      0.000
    Y23                1.834      0.073     25.205      0.000
    Y24                1.386      0.051     27.277      0.000

 F3       BY
    Y3                 1.000      0.000    999.000    999.000
    Y4                 1.831      0.054     34.111      0.000
    Y5                 0.537      0.029     18.369      0.000
    Y6                 1.646      0.050     33.206      0.000
    Y7                 0.883      0.048     18.287      0.000
    Y9                 1.693      0.068     24.969      0.000
    Y11                1.367      0.065     21.078      0.000
    Y12                0.578      0.041     14.161      0.000
    Y15                0.904      0.043     21.161      0.000
    Y16                0.622      0.038     16.290      0.000
    Y17                1.237      0.048     25.759      0.000
    Y18                1.149      0.042     27.410      0.000
    Y19                1.130      0.038     29.660      0.000
    Y20                1.414      0.053     26.538      0.000
    Y21                0.832      0.053     15.769      0.000
    Y22                0.853      0.031     27.221      0.000
    Y26                1.206      0.058     20.959      0.000
    Y28                1.208      0.042     28.574      0.000

 F1       WITH
    F2                 0.293      0.016     18.510      0.000
    F3                 0.394      0.019     20.976      0.000

 F2       WITH
    F3                 0.280      0.015     19.273      0.000

 Means
    F1                 0.000      0.000    999.000    999.000
    F2                 0.000      0.000    999.000    999.000
    F3                 0.000      0.000    999.000    999.000

 Thresholds
    Y1$1              -1.138      0.047    -24.441      0.000
    Y2$1               1.147      0.059     19.538      0.000
    Y3$1              -0.165      0.053     -3.107      0.002
    Y4$1              -0.387      0.048     -8.018      0.000
    Y5$1               1.006      0.037     27.518      0.000
    Y6$1              -0.975      0.049    -20.041      0.000
    Y7$1              -2.584      0.072    -35.817      0.000
    Y8$1              -1.014      0.039    -26.004      0.000
    Y9$1              -1.693      0.059    -28.473      0.000
    Y10$1              1.436      0.041     35.186      0.000
    Y11$1              1.722      0.070     24.734      0.000
    Y12$1              0.647      0.045     14.426      0.000
    Y13$1              0.904      0.037     24.124      0.000
    Y14$1              0.970      0.036     27.133      0.000
    Y15$1              3.173      0.078     40.857      0.000
    Y16$1             -0.713      0.043    -16.705      0.000
    Y17$1              0.433      0.049      8.770      0.000
    Y18$1              2.169      0.059     36.824      0.000
    Y19$1             -1.223      0.044    -27.637      0.000
    Y20$1              0.652      0.056     11.752      0.000
    Y21$1              1.651      0.065     25.603      0.000
    Y22$1             -0.893      0.038    -23.474      0.000
    Y23$1              1.716      0.062     27.463      0.000
    Y24$1              0.164      0.041      3.999      0.000
    Y25$1              0.759      0.034     22.362      0.000
    Y26$1              2.515      0.066     37.870      0.000
    Y27$1             -0.204      0.046     -4.403      0.000
    Y28$1             -1.598      0.049    -32.797      0.000

 Variances
    F1                 1.000      0.000    999.000    999.000
    F2                 1.000      0.000    999.000    999.000
    F3                 1.000      0.000    999.000    999.000

Categorical Latent Variables

 Means
    C#1                0.022      0.023      0.940      0.347


QUALITY OF NUMERICAL RESULTS

     Condition Number for the Information Matrix              0.110E-01
       (ratio of smallest to largest eigenvalue)


SAMPLE STATISTICS FOR ESTIMATED FACTOR SCORES


     SAMPLE STATISTICS


           Means
              F1            F2            F3            C_F1          C_F2
              ________      ________      ________      ________      ________
                0.000         0.000         0.000         0.000         0.000


           Means
              C_F3
              ________
                0.000


           Covariances
              F1            F2            F3            C_F1          C_F2
              ________      ________      ________      ________      ________
 F1             0.694
 F2             0.278         0.639
 F3             0.440         0.281         0.786
 C_F1           0.694         0.278         0.439         0.695
 C_F2           0.278         0.639         0.282         0.278         0.639
 C_F3           0.440         0.282         0.786         0.439         0.282


           Covariances
              C_F3
              ________
 C_F3           0.787


           Correlations
              F1            F2            F3            C_F1          C_F2
              ________      ________      ________      ________      ________
 F1             1.000
 F2             0.418         1.000
 F3             0.595         0.397         1.000
 C_F1           1.000         0.417         0.595         1.000
 C_F2           0.418         1.000         0.398         0.417         1.000
 C_F3           0.595         0.397         1.000         0.594         0.398


           Correlations
              C_F3
              ________
 C_F3           1.000


SAVEDATA INFORMATION


  Save file
    ./Mplus/FS.sav

  Order of variables

    Y1
    Y2
    Y3
    Y4
    Y5
    Y6
    Y7
    Y8
    Y9
    Y10
    Y11
    Y12
    Y13
    Y14
    Y15
    Y16
    Y17
    Y18
    Y19
    Y20
    Y21
    Y22
    Y23
    Y24
    Y25
    Y26
    Y27
    Y28
    F1
    F2
    F3
    C_F1
    C_F2
    C_F3
    CPROB1
    CPROB2
    C

  Save file format           Free

  Save file record length    10000


     Beginning Time:  16:24:15
        Ending Time:  16:30:36
       Elapsed Time:  00:06:21



MUTHEN & MUTHEN
3463 Stoner Ave.
Los Angeles, CA  90066

Tel: (310) 391-9971
Fax: (310) 391-8971
Web: www.StatModel.com
Support: Support@StatModel.com

Copyright (c) 1998-2017 Muthen & Muthen
